app/seeds.txt
com.tomclaw.mandarin.R$styleable: int AppBarLayout_liftOnScroll
com.tomclaw.mandarin.R$styleable: int AppCompatTheme_actionBarTabStyle
com.tomclaw.mandarin.R$styleable: int[] MaterialButtonToggleGroup
com.tomclaw.mandarin.im.ShortBuddyInfo: ShortBuddyInfo()
com.tomclaw.mandarin.core.Request: Request()
com.tomclaw.mandarin.im.icq.SearchAvatarRequest: SearchAvatarRequest()
com.tomclaw.mandarin.R$styleable: int SearchView_iconifiedByDefault
com.tomclaw.mandarin.R$styleable: int ActionBar_contentInsetRight
com.tomclaw.mandarin.R$styleable: int MaterialCalendarItem_android_insetLeft
com.tomclaw.mandarin.core.CoreService
com.tomclaw.mandarin.main.AccountInfoActivity: AccountInfoActivity()
com.tomclaw.mandarin.main.SearchActivity
com.tomclaw.mandarin.R$styleable: int FloatingActionButton_useCompatPadding
com.tomclaw.mandarin.im.icq.WimRequest
com.tomclaw.mandarin.R$styleable: int AppCompatTheme_textAppearanceSearchResultSubtitle
com.tomclaw.mandarin.R$styleable: int RoundCornerProgress_rcSecondaryProgressColor
com.tomclaw.mandarin.R$styleable: int AppCompatImageView_tint
com.tomclaw.mandarin.R$styleable: int AppCompatTheme_viewInflaterClass
com.tomclaw.mandarin.R$styleable: int TextInputLayout_errorTextAppearance
com.tomclaw.mandarin.main.icq.PlainLoginActivity
com.tomclaw.mandarin.R$styleable: int AppCompatTheme_android_windowAnimationStyle
com.tomclaw.mandarin.R$styleable: int SearchView_searchIcon
com.tomclaw.mandarin.R$styleable: int AppCompatTextView_drawableEndCompat
com.tomclaw.mandarin.R$styleable: int MaterialTextView_android_textAppearance
com.tomclaw.mandarin.R$styleable: int MenuItem_actionViewClass
com.tomclaw.mandarin.R$styleable: int CollapsingToolbarLayout_expandedTitleMarginBottom
com.tomclaw.mandarin.R$styleable: int TextInputLayout_passwordToggleDrawable
com.tomclaw.mandarin.R$styleable: int AppBarLayout_android_touchscreenBlocksFocus
com.tomclaw.mandarin.R$styleable: int Chip_chipIconEnabled
com.tomclaw.mandarin.R$styleable: int AnimatedStateListDrawableItem_android_drawable
com.tomclaw.mandarin.core.Request
com.tomclaw.mandarin.R$styleable: int MaterialCalendar_dayTodayStyle
com.tomclaw.mandarin.R$styleable: int CollapsingToolbarLayout_toolbarId
com.tomclaw.mandarin.R$styleable: int AppCompatTheme_spinnerStyle
com.tomclaw.mandarin.main.views.CircleProgressBar: void setColor(int)
com.tomclaw.mandarin.R$styleable: int AppBarLayout_Layout_layout_scrollInterpolator
com.tomclaw.mandarin.R$styleable: int AppCompatTheme_colorControlHighlight
com.tomclaw.mandarin.R$styleable: int ColorStateListItem_android_color
com.tomclaw.mandarin.R$styleable: int AnimatedStateListDrawableItem_android_id
com.tomclaw.mandarin.R$styleable: int TextAppearance_fontFamily
com.tomclaw.mandarin.R$styleable: int StickyListHeadersListView_android_scrollbars
com.tomclaw.mandarin.main.adapters.AccountsAdapter$OnAccountsStateListener$AccountsState: com.tomclaw.mandarin.main.adapters.AccountsAdapter$OnAccountsStateListener$AccountsState[] values()
com.tomclaw.mandarin.R$styleable: int BottomNavigationView_labelVisibilityMode
com.tomclaw.mandarin.im.icq.BuddyRemoveRequest: BuddyRemoveRequest()
com.tomclaw.mandarin.R$styleable: int FontFamily_fontProviderAuthority
com.tomclaw.mandarin.R$styleable: int AppCompatTheme_textAppearanceListItemSecondary
com.tomclaw.mandarin.R$styleable: int AppCompatTextHelper_android_drawableTop
com.tomclaw.mandarin.R$styleable: int AppCompatTheme_actionModeSplitBackground
com.tomclaw.mandarin.R$styleable: int LinearLayoutCompat_measureWithLargestChild
com.tomclaw.mandarin.R$styleable: int ShapeAppearance_cornerSizeBottomLeft
com.tomclaw.mandarin.main.views.TouchImageView: void setMaxZoom(float)
com.tomclaw.mandarin.R$styleable: int LinearLayoutCompat_android_baselineAlignedChildIndex
com.tomclaw.mandarin.R$styleable: int CollapsingToolbarLayout_expandedTitleGravity
com.tomclaw.mandarin.R$styleable: int Chip_closeIconEnabled
com.tomclaw.mandarin.R$styleable: int ViewStubCompat_android_layout
...
com.google.android.material.R$id: int design_menu_item_action_area_stub
com.google.android.material.R$styleable: int TabLayout_tabIconTint
androidx.appcompat.resources.R$drawable: int notification_bg_normal_pressed
okhttp3.internal.http2.Http2ExchangeCodec: okhttp3.internal.http2.Http2ExchangeCodec$Companion Companion
androidx.appcompat.R$styleable: int AppCompatTheme_textAppearanceListItemSmall
androidx.appcompat.widget.SearchView: void setIconified(boolean)
androidx.appcompat.R$style: int Widget_AppCompat_ListView_DropDown
com.google.android.material.appbar.AppBarLayout: int getTopInset()
okhttp3.internal.ws.RealWebSocket$Streams: boolean client
androidx.appcompat.R$color: int material_grey_300
com.google.android.material.R$dimen: int mtrl_btn_text_btn_padding_left
com.google.android.material.internal.NavigationMenuItemView: void setIconSize(int)
androidx.appcompat.R$attr: int alertDialogButtonGroupStyle
okhttp3.internal.platform.Platform$Companion: Platform$Companion()
androidx.appcompat.R$style: int Base_ThemeOverlay_AppCompat_Dialog
com.google.android.material.R$id: int TOP_START
se.emilsjolander.stickylistheaders.R$styleable: int StickyListHeadersListView_android_divider
okhttp3.internal.http2.ErrorCode: okhttp3.internal.http2.ErrorCode ENHANCE_YOUR_CALM
com.google.android.material.R$id: int notification_main_column_container
com.google.android.material.R$attr: int pressedTranslationZ
com.google.android.material.R$styleable: int AppCompatTheme_dialogTheme
com.google.android.material.R$style: int Theme_Design_Light_BottomSheetDialog
androidx.appcompat.R$styleable: int SearchView_searchHintIcon
com.google.android.material.R$dimen: int mtrl_low_ripple_hovered_alpha
com.google.android.material.R$dimen: int abc_button_padding_horizontal_material
com.google.android.material.R$attr: int spinBars
okhttp3.internal.connection.RealCall$timeout$1: void timedOut()
okhttp3.internal.http2.Hpack: int PREFIX_4_BITS
com.google.android.material.R$attr: int initialActivityCount
androidx.core.R$id: int accessibility_custom_action_4
okhttp3.OkHttpClient: okhttp3.OkHttpClient$Companion Companion
com.google.android.material.R$id: int notification_background
androidx.appcompat.R$id: int activity_chooser_view_content
com.google.android.material.R$color: int abc_search_url_text_selected
androidx.recyclerview.widget.RecyclerView: boolean dispatchNestedScroll(int,int,int,int,int[])
okhttp3.internal.cache.DiskLruCache: boolean access$getInitialized$p(okhttp3.internal.cache.DiskLruCache)
com.google.android.material.R$styleable: int AppCompatTheme_actionModePasteDrawable
com.google.android.material.R$styleable: int AppCompatTheme_actionMenuTextAppearance
com.google.android.material.R$dimen: int abc_action_button_min_width_material
net.hockeyapp.android.R$id: int input_email
com.google.android.material.R$dimen: int design_fab_translation_z_hovered_focused
okhttp3.internal.http2.Http2Connection: int getLastGoodStreamId$okhttp()
okhttp3.HttpUrl$Builder: java.lang.String INVALID_HOST
com.google.android.material.R$style: int Widget_AppCompat_Light_ActionBar
androidx.recyclerview.widget.RecyclerView: void processDataSetCompletelyChanged(boolean)
com.google.android.material.R$attr: int itemShapeInsetEnd
androidx.recyclerview.R$styleable: int[] GradientColor
androidx.core.R$attr: int fontVariationSettings
okhttp3.internal.concurrent.TaskRunner$Companion: TaskRunner$Companion()
okhttp3.internal.cache.DiskLruCache$Entry: okhttp3.internal.cache.DiskLruCache$Editor getCurrentEditor$okhttp()
okhttp3.internal.Util: void checkOffsetAndCount(long,long,long)
okhttp3.MultipartBody: java.lang.String -deprecated_boundary()
okhttp3.internal.http2.Http2Stream$StreamTimeout: okhttp3.internal.http2.Http2Stream this$0
androidx.appcompat.widget.DropDownListView: void setSelectorEnabled(boolean)
com.google.android.material.R$attr: int bottomSheetDialogTheme
androidx.appcompat.R$style: int Base_Widget_AppCompat_ActivityChooserView