app/mapping.txt
# compiler: R8
# compiler_version: 1.6.82
# min_api: 15
# pg_map_id: ead3c8b
# common_typos_disable
com.tomclaw.mandarin.R$styleable -> c.b.a.a:
com.tomclaw.mandarin.core.AccountsDispatcher -> c.b.a.b.a:
    android.content.Context context -> a
    com.tomclaw.mandarin.core.SessionHolder sessionHolder -> d
    android.content.ContentResolver contentResolver -> b
    boolean hasActiveAccounts -> e
    com.tomclaw.mandarin.core.AccountsDispatcher$AccountsObserver accountsObserver -> c
    1:5:void <init>(android.content.Context,com.tomclaw.mandarin.core.SessionHolder):21:25 -> <init>
    1:1:boolean access$000(com.tomclaw.mandarin.core.AccountsDispatcher):13:13 -> a
    2:2:boolean access$002(com.tomclaw.mandarin.core.AccountsDispatcher,boolean):13:13 -> a
    3:3:void startObservation():29:29 -> a
    4:4:void startObservation():31:31 -> a
    5:5:void startObservation():33:33 -> a
    1:1:com.tomclaw.mandarin.core.SessionHolder access$100(com.tomclaw.mandarin.core.AccountsDispatcher):13:13 -> b
    1:1:android.content.Context access$200(com.tomclaw.mandarin.core.AccountsDispatcher):13:13 -> c
com.tomclaw.mandarin.core.AccountsDispatcher$AccountsObserver -> c.b.a.b.a$a:
    com.tomclaw.mandarin.core.AccountsDispatcher this$0 -> a
    1:2:void <init>(com.tomclaw.mandarin.core.AccountsDispatcher):41:42 -> <init>
    1:3:void onChange(boolean):47:49 -> onChange
    4:5:void onChange(boolean):51:52 -> onChange
    6:8:void onChange(boolean):54:56 -> onChange
    9:10:void onChange(boolean):59:60 -> onChange
    11:13:void onChange(boolean):62:64 -> onChange
com.tomclaw.mandarin.core.BitmapCache -> c.b.a.b.b:
    java.io.File path -> a
    android.graphics.Bitmap$CompressFormat COMPRESS_FORMAT -> d
    android.util.LruCache bitmapLruCache -> b
    int densityDpi -> c
    1:1:void <clinit>():40:40 -> <clinit>
    1:2:void <init>():48:49 -> <init>
    3:4:void <init>():51:52 -> <init>
    1:2:void init(android.content.Context):60:61 -> a
    3:3:boolean isCacheKeyFromHash(java.lang.String,java.lang.String):69:69 -> a
    4:4:void getBitmapAsync(com.tomclaw.mandarin.main.views.LazyImageView,java.lang.String,int,boolean):89:89 -> a
    5:6:void getBitmapAsync(com.tomclaw.mandarin.main.views.LazyImageView,java.lang.String,int,int,int):104:105 -> a
    7:7:void getBitmapAsync(com.tomclaw.mandarin.main.views.LazyImageView,java.lang.String,int,int,int):107:107 -> a
    8:9:void getBitmapAsync(com.tomclaw.mandarin.main.views.LazyImageView,java.lang.String,int,int,int):109:110 -> a
    10:11:void getBitmapAsync(com.tomclaw.mandarin.main.views.LazyImageView,java.lang.String,int,int,int):112:113 -> a
    12:12:void getBitmapAsync(com.tomclaw.mandarin.main.views.LazyImageView,java.lang.String,int,int,int):116:116 -> a
    13:13:void getBitmapAsync(com.tomclaw.mandarin.main.views.LazyImageView,java.lang.String,int,int,int):118:118 -> a
    14:16:void getThumbnailAsync(com.tomclaw.mandarin.main.views.LazyImageView,java.lang.String,long,int):124:126 -> a
com.tomclaw.mandarin.core.BitmapCache$1 -> c.b.a.b.b$a:
    1:1:void <init>(com.tomclaw.mandarin.core.BitmapCache,int):52:52 -> <init>
    1:1:int sizeOf(java.lang.String,android.graphics.Bitmap):54:54 -> a
    1:1:int sizeOf(java.lang.Object,java.lang.Object):52:52 -> sizeOf
com.tomclaw.mandarin.core.BitmapCache$Holder -> c.b.a.b.b$b:
    com.tomclaw.mandarin.core.BitmapCache instance -> a
    1:1:void <clinit>():33:33 -> <clinit>
com.tomclaw.mandarin.core.BitmapCache$SaveBitmapTask -> c.b.a.b.b$c:
    com.tomclaw.mandarin.core.BitmapCache this$0 -> e
    android.graphics.Bitmap bitmap -> c
    android.graphics.Bitmap$CompressFormat compressFormat -> d
    java.lang.String hash -> b
    1:4:void <init>(com.tomclaw.mandarin.core.BitmapCache,java.lang.String,android.graphics.Bitmap,android.graphics.Bitmap$CompressFormat):289:292 -> <init>
    1:1:void executeBackground():297:297 -> a
...
androidx.appcompat.view.menu.MenuAdapter -> b.b.o.j.f:
    android.view.LayoutInflater mInflater -> f
    androidx.appcompat.view.menu.MenuBuilder mAdapterMenu -> b
    boolean mOverflowOnly -> e
    int mItemLayoutRes -> g
    int mExpandedIndex -> c
    boolean mForceShowIcon -> d
    1:1:void <init>(androidx.appcompat.view.menu.MenuBuilder,android.view.LayoutInflater,boolean,int):44:44 -> <init>
    2:2:void <init>(androidx.appcompat.view.menu.MenuBuilder,android.view.LayoutInflater,boolean,int):36:36 -> <init>
    3:7:void <init>(androidx.appcompat.view.menu.MenuBuilder,android.view.LayoutInflater,boolean,int):45:49 -> <init>
    1:1:void setForceShowIcon(boolean):57:57 -> a
    2:2:void findExpandedIndex():114:114 -> a
    3:4:void findExpandedIndex():116:117 -> a
    5:5:void findExpandedIndex():119:119 -> a
    6:6:void findExpandedIndex():121:121 -> a
    7:7:void findExpandedIndex():126:126 -> a
    1:1:androidx.appcompat.view.menu.MenuBuilder getAdapterMenu():71:71 -> b
    1:4:int getCount():62:65 -> getCount
    5:5:int getCount():67:67 -> getCount
    1:1:java.lang.Object getItem(int):32:32 -> getItem
    2:4:androidx.appcompat.view.menu.MenuItemImpl getItem(int):76:78 -> getItem
    5:5:androidx.appcompat.view.menu.MenuItemImpl getItem(int):81:81 -> getItem
    1:1:android.view.View getView(int,android.view.View,android.view.ViewGroup):94:94 -> getView
    2:2:android.view.View getView(int,android.view.View,android.view.ViewGroup):97:97 -> getView
androidx.appcompat.view.menu.MenuBuilder -> b.b.o.j.g:
    android.content.Context mContext -> a
    int mDefaultShowAsAction -> l
    boolean mIsActionItemsStale -> k
    java.util.ArrayList mVisibleItems -> g
    boolean mIsClosing -> u
    android.view.View mHeaderView -> p
    int[] sCategoryToOrder -> A
    boolean mPreventDispatchingItemsChanged -> q
    boolean mStructureChangedWhileDispatchPrevented -> s
    java.util.concurrent.CopyOnWriteArrayList mPresenters -> w
    boolean mGroupDividerEnabled -> y
    java.util.ArrayList mActionItems -> i
    boolean mIsVisibleItemsStale -> h
    androidx.appcompat.view.menu.MenuItemImpl mExpandedItem -> x
    android.content.res.Resources mResources -> b
    boolean mShortcutsVisible -> d
    androidx.appcompat.view.menu.MenuBuilder$Callback mCallback -> e
    java.util.ArrayList mItems -> f
    android.view.ContextMenu$ContextMenuInfo mCurrentMenuInfo -> m
    boolean mItemsChangedWhileDispatchPrevented -> r
    boolean mOptionalIconsVisible -> t
    java.lang.CharSequence mHeaderTitle -> n
    java.util.ArrayList mNonActionItems -> j
    boolean mOverrideVisibleItems -> z
    java.util.ArrayList mTempShortcutItemList -> v
    android.graphics.drawable.Drawable mHeaderIcon -> o
    boolean mQwertyMode -> c
    1:1:void <clinit>():68:68 -> <clinit>
    1:1:void <init>(android.content.Context):229:229 -> <init>
    2:2:void <init>(android.content.Context):134:134 -> <init>
androidx.appcompat.view.menu.MenuBuilder$Callback -> b.b.o.j.g$a:
    boolean onMenuItemSelected(androidx.appcompat.view.menu.MenuBuilder,android.view.MenuItem) -> a
    void onMenuModeChange(androidx.appcompat.view.menu.MenuBuilder) -> a
androidx.appcompat.view.menu.MenuBuilder$ItemInvoker -> b.b.o.j.g$b:
    boolean invokeItem(androidx.appcompat.view.menu.MenuItemImpl) -> a