app/unused.txt
com.tomclaw.mandarin.main.adapters.RosterDialogsAdapter:
    private static final int ADAPTER_DIALOGS_ID
com.tomclaw.mandarin.util.GifDrawable:
    public static synchronized void stopAll()
    private static synchronized void pause(com.tomclaw.mandarin.util.GifDrawable)
    public void pause()
    private static final java.lang.String TAG
    private static final boolean INFO
    private static final boolean DEBUG
    private static final boolean VERBOSE
    public static final int STATE_STOPPED
    public static final int STATE_PLAYING
    public static final int STATE_PAUSED
    private static final int MSG_REDRAW
    private static final int MSG_FINALIZE
com.tomclaw.mandarin.im.BuddyCursor:
    public void invalidateColumns()
    public int getCount()
    public android.database.Cursor getRawCursor()
    public boolean isClosed()
com.tomclaw.mandarin.im.SearchOptionsBuilder:
    public abstract void keyword(java.lang.String)
    public abstract void firstName(java.lang.String)
    public abstract void lastName(java.lang.String)
    public abstract void online(boolean)
    public abstract void age(int,int)
    public abstract void gender(com.tomclaw.mandarin.im.Gender)
com.tomclaw.mandarin.im.icq.UpdateInfoRequest:
    private java.lang.String getFieldValue(java.lang.String,boolean)
    private java.lang.String getFieldValue(java.lang.String,int)
com.tomclaw.mandarin.core.BitmapCache$Holder:
    private void <init>()
com.tomclaw.mandarin.R$array
com.tomclaw.mandarin.im.icq.SearchAvatarRequest:
    public static final java.lang.String ACCOUNT_DB_ID
    public static final java.lang.String BUDDY_ID
    public static final java.lang.String BUDDY_AVATAR_HASH
com.tomclaw.mandarin.main.PhotoPickerActivity:
    private static final int PICK_IMAGE_RESULT_CODE
    public static final java.lang.String SELECTED_ENTRIES
    private static final int PHOTO_VIEW_RESULT_CODE
com.tomclaw.mandarin.main.adapters.EndlessListAdapter:
    public int getStaticItemsCount()
    private static final int TYPE_NORMAL
    private static final int TYPE_PROGRESS
com.tomclaw.mandarin.main.views.PageIndicator:
    public abstract void setViewPager(androidx.viewpager.widget.ViewPager)
    public abstract void setViewPager(androidx.viewpager.widget.ViewPager,int)
    public abstract void setCurrentItem(int)
    public abstract void setOnPageChangeListener(androidx.viewpager.widget.ViewPager$OnPageChangeListener)
    public abstract void notifyDataSetChanged()
com.tomclaw.mandarin.im.icq.BuddyInfoRequest:
    private void putExtra(android.content.Intent,int,int,long)
    private void putExtra(android.content.Intent,int,int,boolean)
    public static final java.lang.String ACCOUNT_DB_ID
    public static final java.lang.String ACCOUNT_TYPE
    public static final java.lang.String BUDDY_ID
    public static final java.lang.String BUDDY_NICK
    public static final java.lang.String BUDDY_AVATAR_HASH
    public static final java.lang.String BUDDY_STATUS
    public static final java.lang.String BUDDY_IGNORED
    public static final java.lang.String NO_INFO_CASE
    public static final java.lang.String INFO_RESPONSE
    public static final java.lang.String BUDDY_STATUS_TITLE
    public static final java.lang.String BUDDY_STATUS_MESSAGE
com.tomclaw.mandarin.core.BitmapFile:
    public android.graphics.Bitmap getThumbnail(android.content.Context)
    public java.lang.String getPath()
com.tomclaw.mandarin.core.NotifiableDownloadRequest:
    private static final int NOTIFICATION_ID
    private static final java.lang.String NOTIFICATION_CHANNEL_ID
...
com.google.android.material.datepicker.RangeDateSelector$2
kotlin.comparisons.ComparisonsKt__ComparisonsKt$compareByDescending$1
com.google.android.material.internal.ViewUtils$RelativePadding
androidx.vectordrawable.animated.R$style
com.google.android.material.shape.EdgeTreatment:
    public void getEdgePath(float,float,com.google.android.material.shape.ShapePath)
kotlin.io.FilesKt
kotlin.jvm.internal.LongCompanionObject
com.google.android.material.internal.NavigationMenuPresenter$NavigationMenuAdapter
com.google.android.material.bottomnavigation.BottomNavigationView$SavedState
okio.Throttler
kotlin.time.AdjustedTimeMark
net.hockeyapp.android.PrivateEventManager$Event
androidx.fragment.app.DialogFragment:
    public void <init>()
    public void setStyle(int,int)
    public void show(androidx.fragment.app.FragmentManager,java.lang.String)
    public int show(androidx.fragment.app.FragmentTransaction,java.lang.String)
    public void showNow(androidx.fragment.app.FragmentManager,java.lang.String)
    public void dismiss()
    public void dismissAllowingStateLoss()
    void dismissInternal(boolean,boolean)
    public android.app.Dialog getDialog()
    public final android.app.Dialog requireDialog()
    public int getTheme()
    public void setCancelable(boolean)
    public boolean isCancelable()
    public void setShowsDialog(boolean)
    public boolean getShowsDialog()
    public void onAttach(android.content.Context)
    public void onDetach()
    public void onCreate(android.os.Bundle)
    public android.view.LayoutInflater onGetLayoutInflater(android.os.Bundle)
    public void setupDialog(android.app.Dialog,int)
    public android.app.Dialog onCreateDialog(android.os.Bundle)
    public void onCancel(android.content.DialogInterface)
    public void onDismiss(android.content.DialogInterface)
    public void onActivityCreated(android.os.Bundle)
    public void onStart()
    public void onSaveInstanceState(android.os.Bundle)
    public void onStop()
    public void onDestroyView()
    private android.os.Handler mHandler
    private java.lang.Runnable mDismissRunnable
    int mStyle
    int mTheme
    boolean mCancelable
androidx.viewpager2.adapter.FragmentStateAdapter$3
androidx.appcompat.R$styleable:
    private void <init>()
androidx.appcompat.app.AlertController:
    public void setButtonPanelLayoutHint(int)
    public android.widget.Button getButton(int)
androidx.recyclerview.widget.AsyncListDiffer$1$2
androidx.slidingpanelayout.R$styleable
kotlin.collections.MutableMapWithDefault
androidx.media.MediaBrowserServiceCompat$ConnectionRecord
androidx.core.view.DisplayCutoutCompat
android.support.v4.media.MediaBrowserCompat$SearchCallback:
    public void <init>()